% Respect the format, properties have to start in line following NPROP
% Format: AREA Iyy Izz Jt
NPROP = 104
0.25425	1.58852000000000	0.145870000000000	0.436800000000000
0.25106	1.55304000000000	0.132810000000000	0.402800000000000
0.24788	1.51786000000000	0.120490000000000	0.370100000000000
0.24472	1.48296000000000	0.108900000000000	0.338700000000000
0.24158	1.44833000000000	0.0980100000000000	0.308600000000000
0.23845	1.41397000000000	0.0878100000000000	0.279900000000000
0.23533	1.37987000000000	0.0782800000000000	0.252600000000000
0.23223	1.34603000000000	0.0693900000000000	0.226600000000000
0.22922	1.29646000000000	0.0636500000000000	0.208600000000000
0.22629	1.23225000000000	0.0607900000000000	0.198200000000000
0.22337	1.17046000000000	0.0580100000000000	0.188100000000000
0.22047	1.11104000000000	0.0553300000000000	0.178400000000000
0.21758	1.05394000000000	0.0527300000000000	0.169000000000000
0.21471	0.999110000000000	0.0502200000000000	0.160000000000000
0.20460	0.887910000000000	0.0466700000000000	0.148200000000000
0.19462	0.782060000000000	0.0432700000000000	0.137000000000000
0.19202	0.739960000000000	0.0411200000000000	0.129300000000000
0.18944	0.699660000000000	0.0390400000000000	0.121900000000000
0.18688	0.661120000000000	0.0370400000000000	0.114800000000000
0.18434	0.624290000000000	0.0351200000000000	0.108100000000000
0.18182	0.589140000000000	0.0332600000000000	0.101600000000000
0.17932	0.555610000000000	0.0314800000000000	0.0954100000000000
0.17685	0.523670000000000	0.0297600000000000	0.0894900000000000
0.17440	0.493270000000000	0.0281100000000000	0.0838500000000000
0.16644	0.454680000000000	0.0255900000000000	0.0735700000000000
0.15864	0.418190000000000	0.0231900000000000	0.0638700000000000
0.15652	0.393430000000000	0.0218600000000000	0.0596500000000000
0.15442	0.369970000000000	0.0205800000000000	0.0556500000000000
0.15235	0.347780000000000	0.0193500000000000	0.0518400000000000
0.15031	0.326820000000000	0.0181800000000000	0.0482300000000000
0.14831	0.307050000000000	0.0170500000000000	0.0448200000000000
0.14633	0.288440000000000	0.0159800000000000	0.0415900000000000
0.14439	0.270950000000000	0.0149500000000000	0.0385400000000000
0.13897	0.242370000000000	0.0137300000000000	0.0349700000000000
0.13365	0.215600000000000	0.0125800000000000	0.0316100000000000
0.13196	0.202730000000000	0.0117200000000000	0.0291600000000000
0.13030	0.190740000000000	0.0109100000000000	0.0268600000000000
0.12870	0.179600000000000	0.0101300000000000	0.0247000000000000
0.12714	0.169280000000000	0.00940000000000000	0.0226800000000000
0.12563	0.159750000000000	0.00870000000000000	0.0207900000000000
0.12418	0.150980000000000	0.00804000000000000	0.0190300000000000
0.10167	0.129000000000000	0.00607000000000000	0.0164800000000000
0.079590	0.109730000000000	0.00437000000000000	0.0145600000000000
0.078990	0.106750000000000	0.00425000000000000	0.0141300000000000
0.078400	0.103830000000000	0.00413000000000000	0.0137200000000000
0.077800	0.100960000000000	0.00402000000000000	0.0133100000000000
0.077210	0.0981500000000000	0.00391000000000000	0.0129100000000000
0.076610	0.0953900000000000	0.00380000000000000	0.0125200000000000
0.076020	0.0926800000000000	0.00369000000000000	0.0121400000000000
0.075430	0.0900200000000000	0.00359000000000000	0.0117600000000000
0.074830	0.0874100000000000	0.00348000000000000	0.0114000000000000
0.074240	0.0848600000000000	0.00338000000000000	0.0110300000000000
0.073640	0.0823500000000000	0.00328000000000000	0.0106800000000000
0.073050	0.0799000000000000	0.00318000000000000	0.0103400000000000
0.069100	0.0712200000000000	0.00298000000000000	0.00967100000000000
0.065180	0.0627900000000000	0.00278000000000000	0.00902000000000000
0.064650	0.0608700000000000	0.00269000000000000	0.00871900000000000
0.064130	0.0589900000000000	0.00261000000000000	0.00842500000000000
0.063600	0.0571500000000000	0.00253000000000000	0.00813700000000000
0.063080	0.0553500000000000	0.00245000000000000	0.00785600000000000
0.058700	0.0514900000000000	0.00221000000000000	0.00676800000000000
0.054370	0.0477400000000000	0.00198000000000000	0.00571500000000000
0.053930	0.0462000000000000	0.00192000000000000	0.00551100000000000
0.053490	0.0446900000000000	0.00186000000000000	0.00531200000000000
0.053060	0.0432100000000000	0.00180000000000000	0.00511800000000000
0.052620	0.0417600000000000	0.00174000000000000	0.00492800000000000
0.052180	0.0403500000000000	0.00168000000000000	0.00474400000000000
0.051750	0.0389700000000000	0.00162000000000000	0.00456400000000000
0.051310	0.0376200000000000	0.00157000000000000	0.00438800000000000
0.050870	0.0363000000000000	0.00151000000000000	0.00421700000000000
0.050440	0.0350200000000000	0.00146000000000000	0.00405100000000000
0.050000	0.0337600000000000	0.00141000000000000	0.00388900000000000
0.049560	0.0325300000000000	0.00136000000000000	0.00373200000000000
0.049130	0.0313400000000000	0.00131000000000000	0.00357800000000000
0.038950	0.0238900000000000	0.00101000000000000	0.00292800000000000
0.028840	0.0167000000000000	0.000730000000000000	0.00230200000000000
0.028550	0.0160400000000000	0.000700000000000000	0.00220100000000000
0.028260	0.0154000000000000	0.000670000000000000	0.00210300000000000
0.027960	0.0147700000000000	0.000650000000000000	0.00200800000000000
0.027670	0.0141700000000000	0.000620000000000000	0.00191600000000000
0.027380	0.0135800000000000	0.000590000000000000	0.00182600000000000
0.027090	0.0130000000000000	0.000570000000000000	0.00174000000000000
0.026800	0.0124500000000000	0.000540000000000000	0.00165600000000000
0.026510	0.0119100000000000	0.000520000000000000	0.00157500000000000
0.026220	0.0113800000000000	0.000500000000000000	0.00149700000000000
0.025930	0.0108700000000000	0.000470000000000000	0.00142200000000000
0.025640	0.0103800000000000	0.000450000000000000	0.00134800000000000
0.025350	0.00990000000000000	0.000430000000000000	0.00127800000000000
0.025060	0.00944000000000000	0.000410000000000000	0.00121000000000000
0.021250	0.00733000000000000	0.000340000000000000	0.000928300000000000
0.017510	0.00533000000000000	0.000270000000000000	0.000660900000000000
0.017340	0.00508000000000000	0.000260000000000000	0.000623700000000000
0.017170	0.00483000000000000	0.000250000000000000	0.000587800000000000
0.016990	0.00459000000000000	0.000230000000000000	0.000553400000000000
0.016820	0.00436000000000000	0.000220000000000000	0.000520300000000000
0.016650	0.00414000000000000	0.000210000000000000	0.000488600000000000
0.016480	0.00393000000000000	0.000200000000000000	0.000458200000000000
0.016310	0.00372000000000000	0.000190000000000000	0.000429000000000000
0.016130	0.00352000000000000	0.000180000000000000	0.000401200000000000
0.015960	0.00333000000000000	0.000170000000000000	0.000374500000000000
0.015790	0.00314000000000000	0.000160000000000000	0.000349100000000000
0.015620	0.00297000000000000	0.000150000000000000	0.000324900000000000
0.015450	0.00279000000000000	0.000140000000000000	0.000301700000000000
0.015280	0.00263000000000000	0.000130000000000000	0.000279800000000000
